#0 building with "desktop-linux" instance using docker driver

#1 [internal] load build definition from Dockerfile
#1 transferring dockerfile: 2.27kB done
#1 DONE 0.0s

#2 [internal] load metadata for docker.io/library/n8n-base:24.13.1
#2 DONE 0.0s

#3 [internal] load .dockerignore
#3 transferring context: 1.05kB done
#3 DONE 0.0s

#4 [1/5] FROM docker.io/library/n8n-base:24.13.1@sha256:7a9606a6a35268f44d3d4220501280ac4bc50201dbd06ad84ec24606cd683938
#4 resolve docker.io/library/n8n-base:24.13.1@sha256:7a9606a6a35268f44d3d4220501280ac4bc50201dbd06ad84ec24606cd683938 0.0s done
#4 DONE 0.0s

#5 [internal] load build context
#5 transferring context: 7.00MB 5.1s
#5 transferring context: 18.15MB 10.1s
#5 transferring context: 27.52MB 15.2s
#5 transferring context: 33.51MB 18.7s done
#5 DONE 19.0s

#6 [2/5] WORKDIR /home/node
#6 CACHED

#7 [3/5] COPY ./compiled /usr/local/lib/node_modules/n8n
#7 DONE 24.8s

#8 [4/5] COPY docker/images/n8n/docker-entrypoint.sh /
#8 DONE 1.0s

#9 [5/5] RUN cd /usr/local/lib/node_modules/n8n &&     npm rebuild sqlite3 isolated-vm &&     ln -s /usr/local/lib/node_modules/n8n/bin/n8n /usr/local/bin/n8n &&     ln -sf /usr/local/bin/nsolid /usr/local/bin/node &&     mkdir -p /home/node/.n8n &&     chown -R node:node /home/node &&     rm -rf /root/.npm /tmp/*
#9 3.116 rebuilt dependencies successfully
#9 3.120 npm notice
#9 3.120 npm notice New minor version of npm available! 11.8.0 -> 11.11.0
#9 3.120 npm notice Changelog: https://github.com/npm/cli/releases/tag/v11.11.0
#9 3.120 npm notice To update run: npm install -g npm@11.11.0
#9 3.120 npm notice
#9 DONE 3.2s

#10 exporting to image
#10 exporting layers
#10 exporting layers 42.2s done
#10 exporting manifest sha256:035a028f6f51fc07925882305c8a8034d710506e8f187e7c87c1c87a98dcb207
#10 exporting manifest sha256:035a028f6f51fc07925882305c8a8034d710506e8f187e7c87c1c87a98dcb207 done
#10 exporting config sha256:0792386f82ac53d28e0e5c13b124863b34afa3432cb3b4b44305d46039a58b9b done
#10 exporting attestation manifest sha256:2a77347f7965d87a876d086ca3db98b3e3d5c9eafc2c268e6a00c15ad218c71c 0.0s done
#10 exporting manifest list sha256:1875aa12a506e2a9b139f810beda5e4ea86df809c6fe898595eecc1d3ece75a2 done
#10 naming to docker.io/library/n8n:nsolid-debian done
#10 unpacking to docker.io/library/n8n:nsolid-debian
#10 unpacking to docker.io/library/n8n:nsolid-debian 36.9s done
#10 DONE 79.2s

View build details: docker-desktop://dashboard/build/desktop-linux/desktop-linux/s1aibshcki3aen2oy1ylwqh8t
